android/app/build/intermediates/manifest_merge_blame_file/release/manifest-merger-blame-release-report.txt
1<?xml version="1.0" encoding="utf-8"?>
2<manifest xmlns:android="http://schemas.android.com/apk/res/android"
3    package="com.plantcare"
4    android:versionCode="1"
5    android:versionName="1.0" >
6
7    <uses-sdk
8        android:minSdkVersion="21"
8-->src\main\AndroidManifest.xml
9        android:targetSdkVersion="33" />
9-->src\main\AndroidManifest.xml
10
11    <uses-permission android:name="android.permission.INTERNET" />
11-->src\main\AndroidManifest.xml:3:5-67
11-->src\main\AndroidManifest.xml:3:22-64
12    <uses-permission android:name="android.permission.CAMERA" />
12-->src\main\AndroidManifest.xml:4:5-64
12-->src\main\AndroidManifest.xml:4:22-62
13    <uses-permission android:name="android.permission.WRITE_EXTERNAL_STORAGE" />
13-->src\main\AndroidManifest.xml:5:5-80
13-->src\main\AndroidManifest.xml:5:22-78
14
15    <queries>
15-->[:react-native-image-crop-picker] AndroidManifest.xml:9:5-13:15
16        <intent>
16-->[:react-native-image-crop-picker] AndroidManifest.xml:10:9-12:18
17            <action android:name="android.media.action.IMAGE_CAPTURE" />
17-->[:react-native-image-crop-picker] AndroidManifest.xml:11:13-73
17-->[:react-native-image-crop-picker] AndroidManifest.xml:11:21-70
18        </intent>
19    </queries>
20
21    <application
21-->src\main\AndroidManifest.xml:7:5-26:19
22        android:name="com.plantcare.MainApplication"
22-->src\main\AndroidManifest.xml:8:7-38
23        android:allowBackup="false"
23-->src\main\AndroidManifest.xml:12:7-34
24        android:appComponentFactory="androidx.core.app.CoreComponentFactory"
24-->[androidx.core:core:1.7.0] AndroidManifest.xml:24:18-86
25        android:icon="@mipmap/ic_launcher"
25-->src\main\AndroidManifest.xml:10:7-41
26        android:label="@string/app_name"
26-->src\main\AndroidManifest.xml:9:7-39
27        android:roundIcon="@mipmap/ic_launcher_round"
27-->src\main\AndroidManifest.xml:11:7-52
28        android:theme="@style/AppTheme" >
28-->src\main\AndroidManifest.xml:13:7-38
29        <activity
29-->src\main\AndroidManifest.xml:14:7-25:18
30            android:name="com.plantcare.MainActivity"
30-->src\main\AndroidManifest.xml:15:9-37
31            android:configChanges="keyboard|keyboardHidden|orientation|screenLayout|screenSize|smallestScreenSize|uiMode"
31-->src\main\AndroidManifest.xml:17:9-118
32            android:exported="true"
32-->src\main\AndroidManifest.xml:20:9-32
33            android:label="@string/app_name"
33-->src\main\AndroidManifest.xml:16:9-41
34            android:launchMode="singleTask"
34-->src\main\AndroidManifest.xml:18:9-40
35            android:windowSoftInputMode="adjustResize" >
35-->src\main\AndroidManifest.xml:19:9-51
36            <intent-filter>
36-->src\main\AndroidManifest.xml:21:9-24:25
37                <action android:name="android.intent.action.MAIN" />
37-->src\main\AndroidManifest.xml:22:13-65
37-->src\main\AndroidManifest.xml:22:21-62
38
39                <category android:name="android.intent.category.LAUNCHER" />
39-->src\main\AndroidManifest.xml:23:13-73
39-->src\main\AndroidManifest.xml:23:23-70
40            </intent-filter>
41        </activity>
42
43        <provider
43-->[:react-native-image-crop-picker] AndroidManifest.xml:18:9-26:20
44            android:name="com.reactnative.ivpusic.imagepicker.IvpusicImagePickerFileProvider"
44-->[:react-native-image-crop-picker] AndroidManifest.xml:19:13-94
45            android:authorities="com.plantcare.provider"
45-->[:react-native-image-crop-picker] AndroidManifest.xml:20:13-60
46            android:exported="false"
46-->[:react-native-image-crop-picker] AndroidManifest.xml:21:13-37
47            android:grantUriPermissions="true" >
47-->[:react-native-image-crop-picker] AndroidManifest.xml:22:13-47
48            <meta-data
48-->[:react-native-image-crop-picker] AndroidManifest.xml:23:13-25:78
49                android:name="android.support.FILE_PROVIDER_PATHS"
49-->[:react-native-image-crop-picker] AndroidManifest.xml:24:17-67
50                android:resource="@xml/ivpusic_imagepicker_provider_paths" />
50-->[:react-native-image-crop-picker] AndroidManifest.xml:25:17-75
51        </provider>
52
53        <activity
53-->[:react-native-image-crop-picker] AndroidManifest.xml:28:9-30:72
54            android:name="com.yalantis.ucrop.UCropActivity"
54-->[:react-native-image-crop-picker] AndroidManifest.xml:29:13-60
55            android:theme="@style/Theme.AppCompat.Light.NoActionBar" />
55-->[:react-native-image-crop-picker] AndroidManifest.xml:30:13-69
56
57        <provider
57-->[androidx.emoji2:emoji2:1.0.0] AndroidManifest.xml:26:9-34:20
58            android:name="androidx.startup.InitializationProvider"
58-->[androidx.emoji2:emoji2:1.0.0] AndroidManifest.xml:27:13-67
59            android:authorities="com.plantcare.androidx-startup"
59-->[androidx.emoji2:emoji2:1.0.0] AndroidManifest.xml:28:13-68
60            android:exported="false" >
60-->[androidx.emoji2:emoji2:1.0.0] AndroidManifest.xml:29:13-37
61            <meta-data
61-->[androidx.emoji2:emoji2:1.0.0] AndroidManifest.xml:31:13-33:52
62                android:name="androidx.emoji2.text.EmojiCompatInitializer"
62-->[androidx.emoji2:emoji2:1.0.0] AndroidManifest.xml:32:17-75
63                android:value="androidx.startup" />
63-->[androidx.emoji2:emoji2:1.0.0] AndroidManifest.xml:33:17-49
64            <meta-data
64-->[androidx.lifecycle:lifecycle-process:2.4.0] AndroidManifest.xml:31:13-33:52
65                android:name="androidx.lifecycle.ProcessLifecycleInitializer"
65-->[androidx.lifecycle:lifecycle-process:2.4.0] AndroidManifest.xml:32:17-78
66                android:value="androidx.startup" />
66-->[androidx.lifecycle:lifecycle-process:2.4.0] AndroidManifest.xml:33:17-49
67        </provider>
68    </application>
69
70</manifest>